<?xml version="1.0" encoding="UTF-8"?>
<!-- Generated by org.testng.reporters.JUnitReportReporter -->
<testsuite skipped="0" hostname="DESKTOP-HI56959" name="com.qa.data_driven_api.DataDrivenTest_AddNewEmployees" tests="4" failures="0" timestamp="2020-08-16T14:53:50 IST" time="14.522" errors="0">
  <testcase name="postNewEmployee" time="2.548" classname="com.qa.data_driven_api.DataDrivenTest_AddNewEmployees"/>
  <system-out/>
  <testcase name="postNewEmployee" time="9.183" classname="com.qa.data_driven_api.DataDrivenTest_AddNewEmployees"/>
  <system-out/>
  <testcase name="postNewEmployee" time="1.656" classname="com.qa.data_driven_api.DataDrivenTest_AddNewEmployees"/>
  <system-out/>
  <testcase name="postNewEmployee" time="1.135" classname="com.qa.data_driven_api.DataDrivenTest_AddNewEmployees"/>
  <system-out/>
</testsuite> <!-- com.qa.data_driven_api.DataDrivenTest_AddNewEmployees -->
