<?xml version="1.0" encoding="UTF-8"?>
<!-- Generated by org.testng.reporters.JUnitReportReporter -->
<testsuite skipped="0" hostname="DESKTOP-HI56959" name="com.qa.api.Demo4_GET_Request_PrintAllHeaders" tests="1" failures="0" timestamp="2020-08-16T09:15:15 IST" time="8.181" errors="0">
  <testcase name="GetWeatherDetails" time="8.181" classname="com.qa.api.Demo4_GET_Request_PrintAllHeaders"/>
  <system-out/>
</testsuite> <!-- com.qa.api.Demo4_GET_Request_PrintAllHeaders -->
