<?xml version="1.0" encoding="UTF-8"?>
<!-- Generated by org.testng.reporters.JUnitReportReporter -->
<testsuite skipped="0" hostname="DESKTOP-HI56959" name="com.qa.api.TC003_GET_Request" tests="1" failures="0" timestamp="2020-08-16T08:38:40 IST" time="9.382" errors="0">
  <testcase name="googleMapTest" time="9.382" classname="com.qa.api.TC003_GET_Request"/>
  <system-out/>
</testsuite> <!-- com.qa.api.TC003_GET_Request -->
